<?xml version="1.0" encoding="UTF-8"?>
<!-- Generated by org.testng.reporters.JUnitXMLReporter -->
<testsuite ignored="0" hostname="LAPTOP-1HCTVJB1" failures="0" tests="4" name="All Tests" time="48.384" errors="0" timestamp="2026-04-14T16:04:24 IST">
  <testcase classname="tests.LoginTest" name="verifyLoginFlow" time="2.599"/>
  <testcase classname="tests.LoginTest" name="verifyLoginPage" time="6.847"/>
  <testcase classname="tests.SearchTest" name="verifySearchFunctionality" time="6.61"/>
  <testcase classname="tests.PlaybackTest" name="verifyPlayback" time="11.635"/>
</testsuite> <!-- All Tests -->
