<?xml version="1.0" encoding="UTF-8"?>
<!-- Generated by org.testng.reporters.JUnitXMLReporter -->
<testsuite ignored="0" hostname="LAPTOP-1HCTVJB1" failures="0" tests="4" name="Regression Tests" time="48.302" errors="0" timestamp="2026-04-14T16:00:39 IST">
  <testcase classname="tests.LoginTest" name="verifyLoginFlow" time="2.154"/>
  <testcase classname="tests.LoginTest" name="verifyLoginPage" time="6.466"/>
  <testcase classname="tests.SearchTest" name="verifySearchFunctionality" time="6.273"/>
  <testcase classname="tests.PlaybackTest" name="verifyPlayback" time="12.072"/>
</testsuite> <!-- Regression Tests -->
