<?xml version="1.0" encoding="UTF-8"?>
<testng-results ignored="0" total="4" passed="4" failed="0" skipped="0">
  <reporter-output>
  </reporter-output>
  <suite started-at="2026-04-14T16:03:35 IST" name="JioHotstar Suite" finished-at="2026-04-14T16:04:23 IST" duration-ms="48384">
    <groups>
    </groups>
    <test started-at="2026-04-14T16:03:35 IST" name="All Tests" finished-at="2026-04-14T16:04:23 IST" duration-ms="48384">
      <class name="tests.LoginTest">
        <test-method is-config="true" signature="setup()[pri:0, instance:tests.LoginTest@7d322cad]" started-at="2026-04-14T16:03:35 IST" name="setup" finished-at="2026-04-14T16:03:40 IST" duration-ms="5460" status="PASS">
          <reporter-output>
          </reporter-output>
        </test-method> <!-- setup -->
        <test-method signature="verifyLoginFlow()[pri:0, instance:tests.LoginTest@7d322cad]" started-at="2026-04-14T16:03:40 IST" name="verifyLoginFlow" finished-at="2026-04-14T16:03:43 IST" duration-ms="2599" status="PASS">
          <reporter-output>
          </reporter-output>
        </test-method> <!-- verifyLoginFlow -->
        <test-method is-config="true" signature="tearDown()[pri:0, instance:tests.LoginTest@7d322cad]" started-at="2026-04-14T16:03:43 IST" name="tearDown" finished-at="2026-04-14T16:03:43 IST" duration-ms="281" status="PASS">
          <reporter-output>
          </reporter-output>
        </test-method> <!-- tearDown -->
        <test-method is-config="true" signature="setup()[pri:0, instance:tests.LoginTest@7d322cad]" started-at="2026-04-14T16:03:43 IST" name="setup" finished-at="2026-04-14T16:03:48 IST" duration-ms="4770" status="PASS">
          <reporter-output>
          </reporter-output>
        </test-method> <!-- setup -->
        <test-method signature="verifyLoginPage()[pri:0, instance:tests.LoginTest@7d322cad]" started-at="2026-04-14T16:03:48 IST" name="verifyLoginPage" finished-at="2026-04-14T16:03:55 IST" duration-ms="6847" status="PASS">
          <reporter-output>
          </reporter-output>
        </test-method> <!-- verifyLoginPage -->
        <test-method is-config="true" signature="tearDown()[pri:0, instance:tests.LoginTest@7d322cad]" started-at="2026-04-14T16:03:55 IST" name="tearDown" finished-at="2026-04-14T16:03:55 IST" duration-ms="354" status="PASS">
          <reporter-output>
          </reporter-output>
        </test-method> <!-- tearDown -->
      </class> <!-- tests.LoginTest -->
      <class name="tests.PlaybackTest">
        <test-method is-config="true" signature="setup()[pri:0, instance:tests.PlaybackTest@a8ef162]" started-at="2026-04-14T16:04:07 IST" name="setup" finished-at="2026-04-14T16:04:11 IST" duration-ms="4476" status="PASS">
          <reporter-output>
          </reporter-output>
        </test-method> <!-- setup -->
        <test-method signature="verifyPlayback()[pri:0, instance:tests.PlaybackTest@a8ef162]" started-at="2026-04-14T16:04:11 IST" name="verifyPlayback" finished-at="2026-04-14T16:04:23 IST" duration-ms="11635" status="PASS">
          <reporter-output>
          </reporter-output>
        </test-method> <!-- verifyPlayback -->
        <test-method is-config="true" signature="tearDown()[pri:0, instance:tests.PlaybackTest@a8ef162]" started-at="2026-04-14T16:04:23 IST" name="tearDown" finished-at="2026-04-14T16:04:23 IST" duration-ms="349" status="PASS">
          <reporter-output>
          </reporter-output>
        </test-method> <!-- tearDown -->
      </class> <!-- tests.PlaybackTest -->
      <class name="tests.SearchTest">
        <test-method is-config="true" signature="setup()[pri:0, instance:tests.SearchTest@41488b16]" started-at="2026-04-14T16:03:55 IST" name="setup" finished-at="2026-04-14T16:04:00 IST" duration-ms="4597" status="PASS">
          <reporter-output>
          </reporter-output>
        </test-method> <!-- setup -->
        <test-method signature="verifySearchFunctionality()[pri:0, instance:tests.SearchTest@41488b16]" started-at="2026-04-14T16:04:00 IST" name="verifySearchFunctionality" finished-at="2026-04-14T16:04:07 IST" duration-ms="6610" status="PASS">
          <reporter-output>
          </reporter-output>
        </test-method> <!-- verifySearchFunctionality -->
        <test-method is-config="true" signature="tearDown()[pri:0, instance:tests.SearchTest@41488b16]" started-at="2026-04-14T16:04:07 IST" name="tearDown" finished-at="2026-04-14T16:04:07 IST" duration-ms="335" status="PASS">
          <reporter-output>
          </reporter-output>
        </test-method> <!-- tearDown -->
      </class> <!-- tests.SearchTest -->
    </test> <!-- All Tests -->
  </suite> <!-- JioHotstar Suite -->
</testng-results>
